[debug] [2026-04-16T14:16:48.293Z] ----------------------------------------------------------------------
[debug] [2026-04-16T14:16:48.299Z] Command:       D:\Program Files\nodejs\node.exe C:\Users\admin\Desktop\flowmatch_prompt_war\node_modules\firebase-tools\lib\bin\firebase.js deploy
[debug] [2026-04-16T14:16:48.300Z] CLI Version:   15.15.0
[debug] [2026-04-16T14:16:48.300Z] Platform:      win32
[debug] [2026-04-16T14:16:48.301Z] Node Version:  v24.13.0
[debug] [2026-04-16T14:16:48.301Z] Time:          Thu Apr 16 2026 19:46:48 GMT+0530 (India Standard Time)
[debug] [2026-04-16T14:16:48.302Z] ----------------------------------------------------------------------
[debug] 
[debug] [2026-04-16T14:16:53.531Z] > command requires scopes: ["email","openid","https://www.googleapis.com/auth/cloudplatformprojects.readonly","https://www.googleapis.com/auth/firebase","https://www.googleapis.com/auth/cloud-platform"]
[debug] [2026-04-16T14:16:53.538Z] > authorizing via signed-in user (godapalak@gmail.com)
[debug] [2026-04-16T14:16:53.539Z] [iam] checking project flowmatch-493513 for permissions ["firebase.projects.get","firebasehosting.sites.update"]
[debug] [2026-04-16T14:16:53.542Z] Checked if tokens are valid: true, expires at: 1776352577853
[debug] [2026-04-16T14:16:53.543Z] Checked if tokens are valid: true, expires at: 1776352577853
[debug] [2026-04-16T14:16:53.545Z] >>> [apiv2][query] POST https://cloudresourcemanager.googleapis.com/v1/projects/flowmatch-493513:testIamPermissions [none]
[debug] [2026-04-16T14:16:53.545Z] >>> [apiv2][(partial)header] POST https://cloudresourcemanager.googleapis.com/v1/projects/flowmatch-493513:testIamPermissions  x-goog-user-project=flowmatch-493513
[debug] [2026-04-16T14:16:53.545Z] >>> [apiv2][body] POST https://cloudresourcemanager.googleapis.com/v1/projects/flowmatch-493513:testIamPermissions {"permissions":["firebase.projects.get","firebasehosting.sites.update"]}
[debug] [2026-04-16T14:16:55.273Z] <<< [apiv2][status] POST https://cloudresourcemanager.googleapis.com/v1/projects/flowmatch-493513:testIamPermissions 403
[debug] [2026-04-16T14:16:55.274Z] <<< [apiv2][body] POST https://cloudresourcemanager.googleapis.com/v1/projects/flowmatch-493513:testIamPermissions {"error":{"code":403,"message":"Cloud Resource Manager API has not been used in project flowmatch-493513 before or it is disabled. Enable it by visiting https://console.developers.google.com/apis/api/cloudresourcemanager.googleapis.com/overview?project=flowmatch-493513 then retry. If you enabled this API recently, wait a few minutes for the action to propagate to our systems and retry.","status":"PERMISSION_DENIED","details":[{"@type":"type.googleapis.com/google.rpc.ErrorInfo","reason":"SERVICE_DISABLED","domain":"googleapis.com","metadata":{"activationUrl":"https://console.developers.google.com/apis/api/cloudresourcemanager.googleapis.com/overview?project=flowmatch-493513","consumer":"projects/flowmatch-493513","serviceTitle":"Cloud Resource Manager API","service":"cloudresourcemanager.googleapis.com","containerInfo":"flowmatch-493513"}},{"@type":"type.googleapis.com/google.rpc.LocalizedMessage","locale":"en-US","message":"Cloud Resource Manager API has not been used in project flowmatch-493513 before or it is disabled. Enable it by visiting https://console.developers.google.com/apis/api/cloudresourcemanager.googleapis.com/overview?project=flowmatch-493513 then retry. If you enabled this API recently, wait a few minutes for the action to propagate to our systems and retry."},{"@type":"type.googleapis.com/google.rpc.Help","links":[{"description":"Google developers console API activation","url":"https://console.developers.google.com/apis/api/cloudresourcemanager.googleapis.com/overview?project=flowmatch-493513"}]}]}}
[debug] [2026-04-16T14:16:55.277Z] [iam] error while checking permissions, command may fail: Request to https://cloudresourcemanager.googleapis.com/v1/projects/flowmatch-493513:testIamPermissions had HTTP Error: 403, Cloud Resource Manager API has not been used in project flowmatch-493513 before or it is disabled. Enable it by visiting https://console.developers.google.com/apis/api/cloudresourcemanager.googleapis.com/overview?project=flowmatch-493513 then retry. If you enabled this API recently, wait a few minutes for the action to propagate to our systems and retry.
[debug] [2026-04-16T14:16:55.279Z] Checked if tokens are valid: true, expires at: 1776352577853
[debug] [2026-04-16T14:16:55.279Z] Checked if tokens are valid: true, expires at: 1776352577853
[debug] [2026-04-16T14:16:55.280Z] >>> [apiv2][query] GET https://firebase.googleapis.com/v1beta1/projects/flowmatch-493513 [none]
[debug] [2026-04-16T14:16:56.176Z] <<< [apiv2][status] GET https://firebase.googleapis.com/v1beta1/projects/flowmatch-493513 404
[debug] [2026-04-16T14:16:56.176Z] <<< [apiv2][body] GET https://firebase.googleapis.com/v1beta1/projects/flowmatch-493513 {"error":{"code":404,"message":"Requested entity was not found.","status":"NOT_FOUND"}}
[debug] [2026-04-16T14:16:56.176Z] Couldn't get project info from firedata for flowmatch-493513, trying resource manager. Original error: FirebaseError: Request to https://firebase.googleapis.com/v1beta1/projects/flowmatch-493513 had HTTP Error: 404, Requested entity was not found.
[debug] [2026-04-16T14:16:56.177Z] Checked if tokens are valid: true, expires at: 1776352577853
[debug] [2026-04-16T14:16:56.178Z] Checked if tokens are valid: true, expires at: 1776352577853
[debug] [2026-04-16T14:16:56.178Z] >>> [apiv2][query] GET https://serviceusage.googleapis.com/v1/projects/flowmatch-493513/services/cloudresourcemanager.googleapis.com [none]
[debug] [2026-04-16T14:16:56.178Z] >>> [apiv2][(partial)header] GET https://serviceusage.googleapis.com/v1/projects/flowmatch-493513/services/cloudresourcemanager.googleapis.com  x-goog-user-project=flowmatch-493513
[debug] [2026-04-16T14:16:58.195Z] <<< [apiv2][status] GET https://serviceusage.googleapis.com/v1/projects/flowmatch-493513/services/cloudresourcemanager.googleapis.com 200
[debug] [2026-04-16T14:16:58.196Z] <<< [apiv2][body] GET https://serviceusage.googleapis.com/v1/projects/flowmatch-493513/services/cloudresourcemanager.googleapis.com [omitted]
[debug] [2026-04-16T14:16:58.197Z] Checked if tokens are valid: true, expires at: 1776352577853
[debug] [2026-04-16T14:16:58.197Z] Checked if tokens are valid: true, expires at: 1776352577853
[debug] [2026-04-16T14:16:58.197Z] >>> [apiv2][query] POST https://serviceusage.googleapis.com/v1/projects/flowmatch-493513/services/cloudresourcemanager.googleapis.com:enable [none]
[debug] [2026-04-16T14:16:58.198Z] >>> [apiv2][(partial)header] POST https://serviceusage.googleapis.com/v1/projects/flowmatch-493513/services/cloudresourcemanager.googleapis.com:enable  x-goog-user-project=flowmatch-493513
[debug] [2026-04-16T14:17:00.102Z] <<< [apiv2][status] POST https://serviceusage.googleapis.com/v1/projects/flowmatch-493513/services/cloudresourcemanager.googleapis.com:enable 200
[debug] [2026-04-16T14:17:00.102Z] <<< [apiv2][body] POST https://serviceusage.googleapis.com/v1/projects/flowmatch-493513/services/cloudresourcemanager.googleapis.com:enable [omitted]
[debug] [2026-04-16T14:17:10.138Z] Checked if tokens are valid: true, expires at: 1776352577853
[debug] [2026-04-16T14:17:10.139Z] Checked if tokens are valid: true, expires at: 1776352577853
[debug] [2026-04-16T14:17:10.140Z] >>> [apiv2][query] GET https://cloudresourcemanager.googleapis.com/v1/projects/flowmatch-493513 [none]
[debug] [2026-04-16T14:17:11.990Z] <<< [apiv2][status] GET https://cloudresourcemanager.googleapis.com/v1/projects/flowmatch-493513 200
[debug] [2026-04-16T14:17:11.991Z] <<< [apiv2][body] GET https://cloudresourcemanager.googleapis.com/v1/projects/flowmatch-493513 {"projectNumber":"259533687464","projectId":"flowmatch-493513","lifecycleState":"ACTIVE","name":"FLOWMATCH","createTime":"2026-04-16T13:49:27.761Z"}
[debug] [2026-04-16T14:17:11.992Z] the default site does not exist on the Firebase project; asking Hosting.
[debug] [2026-04-16T14:17:11.993Z] Checked if tokens are valid: true, expires at: 1776352577853
[debug] [2026-04-16T14:17:11.993Z] Checked if tokens are valid: true, expires at: 1776352577853
[debug] [2026-04-16T14:17:11.995Z] >>> [apiv2][query] GET https://firebasehosting.googleapis.com/v1beta1/projects/flowmatch-493513/sites pageToken=&pageSize=10
[debug] [2026-04-16T14:17:13.428Z] <<< [apiv2][status] GET https://firebasehosting.googleapis.com/v1beta1/projects/flowmatch-493513/sites 404
[debug] [2026-04-16T14:17:13.428Z] <<< [apiv2][body] GET https://firebasehosting.googleapis.com/v1beta1/projects/flowmatch-493513/sites {"error":{"code":404,"message":"Requested entity was not found.","status":"NOT_FOUND"}}
[error] 
[error] Error: Assertion failed: resolving hosting target of a site with no site name or target name. This should have caused an error earlier
[debug] [2026-04-16T14:17:23.369Z] ----------------------------------------------------------------------
[debug] [2026-04-16T14:17:23.376Z] Command:       D:\Program Files\nodejs\node.exe C:\Users\admin\Desktop\flowmatch_prompt_war\node_modules\firebase-tools\lib\bin\firebase.js deploy
[debug] [2026-04-16T14:17:23.376Z] CLI Version:   15.15.0
[debug] [2026-04-16T14:17:23.377Z] Platform:      win32
[debug] [2026-04-16T14:17:23.377Z] Node Version:  v24.13.0
[debug] [2026-04-16T14:17:23.378Z] Time:          Thu Apr 16 2026 19:47:23 GMT+0530 (India Standard Time)
[debug] [2026-04-16T14:17:23.378Z] ----------------------------------------------------------------------
[debug] 
[debug] [2026-04-16T14:17:27.124Z] > command requires scopes: ["email","openid","https://www.googleapis.com/auth/cloudplatformprojects.readonly","https://www.googleapis.com/auth/firebase","https://www.googleapis.com/auth/cloud-platform"]
[debug] [2026-04-16T14:17:27.125Z] > authorizing via signed-in user (godapalak@gmail.com)
[debug] [2026-04-16T14:17:27.125Z] [iam] checking project flowmatch-493513 for permissions ["firebase.projects.get","firebasehosting.sites.update"]
[debug] [2026-04-16T14:17:27.127Z] Checked if tokens are valid: true, expires at: 1776352577853
[debug] [2026-04-16T14:17:27.127Z] Checked if tokens are valid: true, expires at: 1776352577853
[debug] [2026-04-16T14:17:27.129Z] >>> [apiv2][query] POST https://cloudresourcemanager.googleapis.com/v1/projects/flowmatch-493513:testIamPermissions [none]
[debug] [2026-04-16T14:17:27.129Z] >>> [apiv2][(partial)header] POST https://cloudresourcemanager.googleapis.com/v1/projects/flowmatch-493513:testIamPermissions  x-goog-user-project=flowmatch-493513
[debug] [2026-04-16T14:17:27.129Z] >>> [apiv2][body] POST https://cloudresourcemanager.googleapis.com/v1/projects/flowmatch-493513:testIamPermissions {"permissions":["firebase.projects.get","firebasehosting.sites.update"]}
[debug] [2026-04-16T14:17:28.808Z] <<< [apiv2][status] POST https://cloudresourcemanager.googleapis.com/v1/projects/flowmatch-493513:testIamPermissions 200
[debug] [2026-04-16T14:17:28.809Z] <<< [apiv2][body] POST https://cloudresourcemanager.googleapis.com/v1/projects/flowmatch-493513:testIamPermissions {"permissions":["firebase.projects.get","firebasehosting.sites.update"]}
[debug] [2026-04-16T14:17:28.811Z] Checked if tokens are valid: true, expires at: 1776352577853
[debug] [2026-04-16T14:17:28.811Z] Checked if tokens are valid: true, expires at: 1776352577853
[debug] [2026-04-16T14:17:28.812Z] >>> [apiv2][query] GET https://firebase.googleapis.com/v1beta1/projects/flowmatch-493513 [none]
[debug] [2026-04-16T14:17:29.721Z] <<< [apiv2][status] GET https://firebase.googleapis.com/v1beta1/projects/flowmatch-493513 404
[debug] [2026-04-16T14:17:29.721Z] <<< [apiv2][body] GET https://firebase.googleapis.com/v1beta1/projects/flowmatch-493513 {"error":{"code":404,"message":"Requested entity was not found.","status":"NOT_FOUND"}}
[debug] [2026-04-16T14:17:29.724Z] Couldn't get project info from firedata for flowmatch-493513, trying resource manager. Original error: FirebaseError: Request to https://firebase.googleapis.com/v1beta1/projects/flowmatch-493513 had HTTP Error: 404, Requested entity was not found.
[debug] [2026-04-16T14:17:29.727Z] Checked if tokens are valid: true, expires at: 1776352577853
[debug] [2026-04-16T14:17:29.727Z] Checked if tokens are valid: true, expires at: 1776352577853
[debug] [2026-04-16T14:17:29.727Z] >>> [apiv2][query] GET https://cloudresourcemanager.googleapis.com/v1/projects/flowmatch-493513 [none]
[debug] [2026-04-16T14:17:30.143Z] <<< [apiv2][status] GET https://cloudresourcemanager.googleapis.com/v1/projects/flowmatch-493513 200
[debug] [2026-04-16T14:17:30.143Z] <<< [apiv2][body] GET https://cloudresourcemanager.googleapis.com/v1/projects/flowmatch-493513 {"projectNumber":"259533687464","projectId":"flowmatch-493513","lifecycleState":"ACTIVE","name":"FLOWMATCH","createTime":"2026-04-16T13:49:27.761Z"}
[debug] [2026-04-16T14:17:30.144Z] the default site does not exist on the Firebase project; asking Hosting.
[debug] [2026-04-16T14:17:30.145Z] Checked if tokens are valid: true, expires at: 1776352577853
[debug] [2026-04-16T14:17:30.145Z] Checked if tokens are valid: true, expires at: 1776352577853
[debug] [2026-04-16T14:17:30.146Z] >>> [apiv2][query] GET https://firebasehosting.googleapis.com/v1beta1/projects/flowmatch-493513/sites pageToken=&pageSize=10
[debug] [2026-04-16T14:17:31.501Z] <<< [apiv2][status] GET https://firebasehosting.googleapis.com/v1beta1/projects/flowmatch-493513/sites 200
[debug] [2026-04-16T14:17:31.501Z] <<< [apiv2][body] GET https://firebasehosting.googleapis.com/v1beta1/projects/flowmatch-493513/sites {}
[info] i  No Hosting site detected. 
[debug] [2026-04-16T14:17:31.506Z] Checked if tokens are valid: true, expires at: 1776352577853
[debug] [2026-04-16T14:17:31.507Z] Checked if tokens are valid: true, expires at: 1776352577853
[debug] [2026-04-16T14:17:31.508Z] >>> [apiv2][query] GET https://cloudresourcemanager.googleapis.com/v1/projects/flowmatch-493513 [none]
[debug] [2026-04-16T14:17:31.899Z] <<< [apiv2][status] GET https://cloudresourcemanager.googleapis.com/v1/projects/flowmatch-493513 200
[debug] [2026-04-16T14:17:31.899Z] <<< [apiv2][body] GET https://cloudresourcemanager.googleapis.com/v1/projects/flowmatch-493513 {"projectNumber":"259533687464","projectId":"flowmatch-493513","lifecycleState":"ACTIVE","name":"FLOWMATCH","createTime":"2026-04-16T13:49:27.761Z"}
[debug] [2026-04-16T14:17:31.900Z] Checked if tokens are valid: true, expires at: 1776352577853
[debug] [2026-04-16T14:17:31.900Z] Checked if tokens are valid: true, expires at: 1776352577853
[debug] [2026-04-16T14:17:31.900Z] >>> [apiv2][query] POST https://firebasehosting.googleapis.com/v1beta1/projects/259533687464/sites siteId=flowmatch-493513&validateOnly=true
[debug] [2026-04-16T14:17:31.900Z] >>> [apiv2][body] POST https://firebasehosting.googleapis.com/v1beta1/projects/259533687464/sites {"appId":""}
[debug] [2026-04-16T14:17:33.065Z] <<< [apiv2][status] POST https://firebasehosting.googleapis.com/v1beta1/projects/259533687464/sites 200
[debug] [2026-04-16T14:17:33.065Z] <<< [apiv2][body] POST https://firebasehosting.googleapis.com/v1beta1/projects/259533687464/sites {"name":"projects/259533687464/sites/flowmatch-493513","defaultUrl":"https://flowmatch-493513.web.app","type":"DEFAULT_SITE"}
